DCC_Android_TWA/app/build/intermediates/manifest_merge_blame_file/debug/manifest-merger-blame-debug-report.txt
1<?xml version="1.0" encoding="utf-8"?>
2<manifest xmlns:android="http://schemas.android.com/apk/res/android"
3    package="com.dcc.salesforce.debug"
4    android:versionCode="1"
5    android:versionName="1.0.0-debug" >
6
7    <uses-sdk
8        android:minSdkVersion="21"
9        android:targetSdkVersion="34" />
10
11    <!-- Permissions required by the app -->
12    <uses-permission android:name="android.permission.INTERNET" />
12-->src\main\AndroidManifest.xml:5:5-67
12-->src\main\AndroidManifest.xml:5:22-64
13    <uses-permission android:name="android.permission.ACCESS_NETWORK_STATE" />
13-->src\main\AndroidManifest.xml:6:5-79
13-->src\main\AndroidManifest.xml:6:22-76
14    <uses-permission android:name="android.permission.ACCESS_FINE_LOCATION" />
14-->src\main\AndroidManifest.xml:7:5-79
14-->src\main\AndroidManifest.xml:7:22-76
15    <uses-permission android:name="android.permission.ACCESS_COARSE_LOCATION" />
15-->src\main\AndroidManifest.xml:8:5-81
15-->src\main\AndroidManifest.xml:8:22-78
16    <uses-permission android:name="android.permission.CAMERA" />
16-->src\main\AndroidManifest.xml:9:5-65
16-->src\main\AndroidManifest.xml:9:22-62
17    <uses-permission android:name="android.permission.RECORD_AUDIO" />
17-->src\main\AndroidManifest.xml:10:5-71
17-->src\main\AndroidManifest.xml:10:22-68
18    <uses-permission android:name="android.permission.VIBRATE" />
18-->src\main\AndroidManifest.xml:11:5-66
18-->src\main\AndroidManifest.xml:11:22-63
19
20    <queries>
20-->[com.google.androidbrowserhelper:androidbrowserhelper:2.5.0] AndroidManifest.xml:26:5-34:15
21        <intent>
21-->[com.google.androidbrowserhelper:androidbrowserhelper:2.5.0] AndroidManifest.xml:27:9-33:18
22            <action android:name="android.intent.action.VIEW" />
22-->src\main\AndroidManifest.xml:38:17-69
22-->src\main\AndroidManifest.xml:38:25-66
23
24            <category android:name="android.intent.category.BROWSABLE" />
24-->src\main\AndroidManifest.xml:40:17-78
24-->src\main\AndroidManifest.xml:40:27-75
25
26            <data android:scheme="https" />
26-->src\main\AndroidManifest.xml:42:21-43
27        </intent>
28    </queries>
29
30    <application
31        android:allowBackup="false"
31-->src\main\AndroidManifest.xml:14:9-36
32        android:appComponentFactory="androidx.core.app.CoreComponentFactory"
32-->[androidx.core:core:1.1.0] AndroidManifest.xml:24:18-86
33        android:debuggable="true"
34        android:extractNativeLibs="true"
35        android:icon="@mipmap/ic_launcher"
35-->src\main\AndroidManifest.xml:15:9-43
36        android:label="DCC SFA"
36-->src\main\AndroidManifest.xml:17:9-40
37        android:roundIcon="@mipmap/ic_launcher_round"
37-->src\main\AndroidManifest.xml:16:9-54
38        android:supportsRtl="true"
38-->src\main\AndroidManifest.xml:19:9-35
39        android:testOnly="true"
40        android:theme="@style/Theme.DCC.Launcher" >
40-->src\main\AndroidManifest.xml:18:9-50
41
42        <!--
43             ═══════════════════════════════════════════
44             MAIN LAUNCHER ACTIVITY  (TWA Entry Point)
45             ═══════════════════════════════════════════
46        -->
47        <activity
48            android:name="com.google.androidbrowserhelper.trusted.LauncherActivity"
48-->src\main\AndroidManifest.xml:25:13-84
49            android:configChanges="orientation|screenSize|keyboardHidden"
49-->src\main\AndroidManifest.xml:28:13-74
50            android:exported="true"
50-->src\main\AndroidManifest.xml:26:13-36
51            android:screenOrientation="portrait" >
51-->src\main\AndroidManifest.xml:27:13-55
52
53            <!-- This intent-filter makes the app appear in the launcher -->
54            <intent-filter>
54-->src\main\AndroidManifest.xml:31:13-34:29
55                <action android:name="android.intent.action.MAIN" />
55-->src\main\AndroidManifest.xml:32:17-69
55-->src\main\AndroidManifest.xml:32:25-66
56
57                <category android:name="android.intent.category.LAUNCHER" />
57-->src\main\AndroidManifest.xml:33:17-77
57-->src\main\AndroidManifest.xml:33:27-74
58            </intent-filter>
59
60            <!-- Deep-link handling: opens https://sales-crm-dcc.vercel.app directly -->
61            <intent-filter android:autoVerify="true" >
61-->src\main\AndroidManifest.xml:37:13-44:29
61-->src\main\AndroidManifest.xml:37:28-53
62                <action android:name="android.intent.action.VIEW" />
62-->src\main\AndroidManifest.xml:38:17-69
62-->src\main\AndroidManifest.xml:38:25-66
63
64                <category android:name="android.intent.category.DEFAULT" />
64-->src\main\AndroidManifest.xml:39:17-76
64-->src\main\AndroidManifest.xml:39:27-73
65                <category android:name="android.intent.category.BROWSABLE" />
65-->src\main\AndroidManifest.xml:40:17-78
65-->src\main\AndroidManifest.xml:40:27-75
66
67                <data
68                    android:host="sales-crm-dcc.vercel.app"
68-->src\main\AndroidManifest.xml:43:21-47
69                    android:scheme="https" />
69-->src\main\AndroidManifest.xml:42:21-43
70            </intent-filter>
71
72            <!-- TWA Metadata -->
73            <meta-data
74                android:name="android.support.customtabs.trusted.DEFAULT_URL"
74-->src\main\AndroidManifest.xml:48:17-78
75                android:value="https://sales-crm-dcc.vercel.app/" />
75-->src\main\AndroidManifest.xml:49:17-46
76
77            <!-- Status / Navigation bar colours -->
78            <meta-data
78-->src\main\AndroidManifest.xml:52:13-54:58
79                android:name="android.support.customtabs.trusted.STATUS_BAR_COLOR"
79-->src\main\AndroidManifest.xml:53:17-83
80                android:resource="@color/colorPrimary" />
80-->src\main\AndroidManifest.xml:54:17-55
81            <meta-data
81-->src\main\AndroidManifest.xml:55:13-57:62
82                android:name="android.support.customtabs.trusted.STATUS_BAR_COLOR_DARK"
82-->src\main\AndroidManifest.xml:56:17-88
83                android:resource="@color/colorPrimaryDark" />
83-->src\main\AndroidManifest.xml:57:17-59
84            <meta-data
84-->src\main\AndroidManifest.xml:58:13-60:61
85                android:name="android.support.customtabs.trusted.NAVIGATION_BAR_COLOR"
85-->src\main\AndroidManifest.xml:59:17-87
86                android:resource="@color/navigationColor" />
86-->src\main\AndroidManifest.xml:60:17-58
87            <meta-data
87-->src\main\AndroidManifest.xml:61:13-63:65
88                android:name="android.support.customtabs.trusted.NAVIGATION_BAR_COLOR_DARK"
88-->src\main\AndroidManifest.xml:62:17-92
89                android:resource="@color/navigationColorDark" />
89-->src\main\AndroidManifest.xml:63:17-62
90            <meta-data
90-->src\main\AndroidManifest.xml:64:13-66:68
91                android:name="android.support.customtabs.trusted.NAVIGATION_BAR_DIVIDER_COLOR"
91-->src\main\AndroidManifest.xml:65:17-95
92                android:resource="@color/navigationDividerColor" />
92-->src\main\AndroidManifest.xml:66:17-65
93
94            <!-- Splash screen -->
95            <meta-data
95-->src\main\AndroidManifest.xml:69:13-71:60
96                android:name="android.support.customtabs.trusted.SPLASH_IMAGE_DRAWABLE"
96-->src\main\AndroidManifest.xml:70:17-88
97                android:resource="@drawable/splash_icon" />
97-->src\main\AndroidManifest.xml:71:17-57
98            <meta-data
98-->src\main\AndroidManifest.xml:72:13-74:61
99                android:name="android.support.customtabs.trusted.SPLASH_SCREEN_BACKGROUND_COLOR"
99-->src\main\AndroidManifest.xml:73:17-97
100                android:resource="@color/backgroundColor" />
100-->src\main\AndroidManifest.xml:74:17-58
101            <meta-data
101-->src\main\AndroidManifest.xml:75:13-77:39
102                android:name="android.support.customtabs.trusted.SPLASH_SCREEN_FADE_OUT_DURATION"
102-->src\main\AndroidManifest.xml:76:17-98
103                android:value="300" />
103-->src\main\AndroidManifest.xml:77:17-36
104
105            <!-- Fallback to Custom Tabs if TWA not supported -->
106            <meta-data
107                android:name="android.support.customtabs.trusted.FALLBACK_STRATEGY"
107-->src\main\AndroidManifest.xml:81:17-84
108                android:value="chrome" />
108-->src\main\AndroidManifest.xml:82:17-48
109
110            <!-- File provider for camera / file uploads -->
111            <meta-data
111-->src\main\AndroidManifest.xml:85:13-87:54
112                android:name="android.support.FILE_PROVIDER_PATHS"
112-->src\main\AndroidManifest.xml:86:17-67
113                android:resource="@xml/file_paths" />
113-->src\main\AndroidManifest.xml:87:17-51
114        </activity>
115
116        <!--
117             ═══════════════════════════════════════════
118             FILE PROVIDER  (Camera & file uploads)
119             ═══════════════════════════════════════════
120        -->
121        <provider
122            android:name="androidx.core.content.FileProvider"
122-->src\main\AndroidManifest.xml:94:13-62
123            android:authorities="com.dcc.salesforce.debug.fileprovider"
123-->src\main\AndroidManifest.xml:95:13-64
124            android:exported="false"
124-->src\main\AndroidManifest.xml:96:13-37
125            android:grantUriPermissions="true" >
125-->src\main\AndroidManifest.xml:97:13-47
126            <meta-data
126-->src\main\AndroidManifest.xml:85:13-87:54
127                android:name="android.support.FILE_PROVIDER_PATHS"
127-->src\main\AndroidManifest.xml:86:17-67
128                android:resource="@xml/file_paths" />
128-->src\main\AndroidManifest.xml:87:17-51
129        </provider>
130    </application>
131
132</manifest>